
#P"/home/david/2001/DOM-Test-Suite/tests/level1/core/" 
0/808 attrcreatedocumentfragment.xml
1/808 attrcreatetextnode.xml
2/808 attrcreatetextnode2.xml
3/808 attrdefaultvalue.xml
4/808 attreffectivevalue.xml
5/808 attrentityreplacement.xml
6/808 attrname.xml
7/808 attrnextsiblingnull.xml
8/808 attrnotspecifiedvalue.xml
9/808 attrparentnodenull.xml
10/808 attrprevioussiblingnull.xml
11/808 attrsetvaluenomodificationallowederr.xml
implementationAttribute expandEntityReferences not supported, skipping test
12/808 attrsetvaluenomodificationallowederrEE.xml
13/808 attrspecifiedvalue.xml
14/808 attrspecifiedvaluechanged.xml
15/808 attrspecifiedvalueremove.xml
16/808 cdatasectiongetdata.xml
implementationAttribute coalescing not supported, skipping test
17/808 cdatasectionnormalize.xml
18/808 characterdataappenddata.xml
19/808 characterdataappenddatagetdata.xml
20/808 characterdataappenddatanomodificationallowederr.xml
21/808 characterdataappenddatanomodificationallowederrEE.xml
22/808 characterdatadeletedatabegining.xml
23/808 characterdatadeletedataend.xml
24/808 characterdatadeletedataexceedslength.xml
25/808 characterdatadeletedatagetlengthanddata.xml
26/808 characterdatadeletedatamiddle.xml
27/808 characterdatadeletedatanomodificationallowederrEE.xml
28/808 characterdatagetdata.xml
29/808 characterdatagetlength.xml
30/808 characterdataindexsizeerrdeletedatacountnegative.xml
implementationAttribute signed not supported, skipping test
31/808 characterdataindexsizeerrdeletedataoffsetgreater.xml
32/808 characterdataindexsizeerrdeletedataoffsetnegative.xml
implementationAttribute signed not supported, skipping test
33/808 characterdataindexsizeerrinsertdataoffsetgreater.xml
34/808 characterdataindexsizeerrinsertdataoffsetnegative.xml
implementationAttribute signed not supported, skipping test
35/808 characterdataindexsizeerrreplacedatacountnegative.xml
implementationAttribute signed not supported, skipping test
36/808 characterdataindexsizeerrreplacedataoffsetgreater.xml
37/808 characterdataindexsizeerrreplacedataoffsetnegative.xml
implementationAttribute signed not supported, skipping test
38/808 characterdataindexsizeerrsubstringcountnegative.xml
implementationAttribute signed not supported, skipping test
39/808 characterdataindexsizeerrsubstringnegativeoffset.xml
implementationAttribute signed not supported, skipping test
40/808 characterdataindexsizeerrsubstringoffsetgreater.xml
41/808 characterdatainsertdatabeginning.xml
42/808 characterdatainsertdataend.xml
43/808 characterdatainsertdatamiddle.xml
44/808 characterdatainsertdatanomodificationallowederr.xml
45/808 characterdatainsertdatanomodificationallowederrEE.xml
46/808 characterdatareplacedatabegining.xml
47/808 characterdatareplacedataend.xml
48/808 characterdatareplacedataexceedslengthofarg.xml
49/808 characterdatareplacedataexceedslengthofdata.xml
50/808 characterdatareplacedatamiddle.xml
51/808 characterdatareplacedatanomodificationallowederr.xml
52/808 characterdatareplacedatanomodificationallowederrEE.xml
53/808 characterdatasetdatanomodificationallowederr.xml
54/808 characterdatasetdatanomodificationallowederrEE.xml
55/808 characterdatasetnodevalue.xml
56/808 characterdatasubstringexceedsvalue.xml
57/808 characterdatasubstringvalue.xml
58/808 commentgetcomment.xml
59/808 documentcreateattribute.xml
60/808 documentcreatecdatasection.xml
61/808 documentcreatecomment.xml
62/808 documentcreatedocumentfragment.xml
63/808 documentcreateelement.xml
64/808 documentcreateelementcasesensitive.xml
65/808 documentcreateelementdefaultattr.xml
66/808 documentcreateentityreference.xml
67/808 documentcreateentityreferenceknown.xml
68/808 documentcreateprocessinginstruction.xml
69/808 documentcreatetextnode.xml
70/808 documentgetdoctype.xml
71/808 documentgetdoctypenodtd.xml
72/808 documentgetelementsbytagnamelength.xml
73/808 documentgetelementsbytagnametotallength.xml
74/808 documentgetelementsbytagnamevalue.xml
75/808 documentgetimplementation.xml
76/808 documentgetrootnode.xml
77/808 documentinvalidcharacterexceptioncreateattribute.xml
78/808 documentinvalidcharacterexceptioncreateelement.xml
79/808 documentinvalidcharacterexceptioncreateentref.xml
80/808 documentinvalidcharacterexceptioncreateentref1.xml
81/808 documentinvalidcharacterexceptioncreatepi.xml
82/808 documentinvalidcharacterexceptioncreatepi1.xml
83/808 documenttypegetdoctype.xml
84/808 documenttypegetentities.xml
85/808 documenttypegetentitieslength.xml
86/808 documenttypegetentitiestype.xml
87/808 documenttypegetnotations.xml
88/808 documenttypegetnotationstype.xml
89/808 domimplementationfeaturenoversion.xml
90/808 domimplementationfeaturenull.xml
implementationAttribute hasNullString not supported, skipping test
91/808 domimplementationfeaturexml.xml
92/808 elementaddnewattribute.xml
93/808 elementassociatedattribute.xml
94/808 elementchangeattributevalue.xml
95/808 elementcreatenewattribute.xml
96/808 elementgetattributenode.xml
97/808 elementgetattributenodenull.xml
98/808 elementgetelementempty.xml
99/808 elementgetelementsbytagname.xml
100/808 elementgetelementsbytagnameaccessnodelist.xml
101/808 elementgetelementsbytagnamenomatch.xml
102/808 elementgetelementsbytagnamespecialvalue.xml
103/808 elementgettagname.xml
104/808 elementinuseattributeerr.xml
105/808 elementinvalidcharacterexception.xml
106/808 elementnormalize.xml
107/808 elementnotfounderr.xml
108/808 elementremoveattribute.xml
109/808 elementremoveattributeaftercreate.xml
110/808 elementremoveattributenode.xml
111/808 elementremoveattributenodenomodificationallowederr.xml
112/808 elementremoveattributenodenomodificationallowederrEE.xml
113/808 elementremoveattributenomodificationallowederr.xml
114/808 elementremoveattributenomodificationallowederrEE.xml
115/808 elementremoveattributerestoredefaultvalue.xml
116/808 elementreplaceattributewithself.xml
117/808 elementreplaceexistingattribute.xml
118/808 elementreplaceexistingattributegevalue.xml
119/808 elementretrieveallattributes.xml
120/808 elementretrieveattrvalue.xml
121/808 elementretrievetagname.xml
122/808 elementsetattributenodenomodificationallowederr.xml
123/808 elementsetattributenodenomodificationallowederrEE.xml
implementationAttribute expandEntityReferences not supported, skipping test
124/808 elementsetattributenodenull.xml
125/808 elementsetattributenomodificationallowederr.xml
implementationAttribute expandEntityReferences not supported, skipping test
126/808 elementsetattributenomodificationallowederrEE.xml
127/808 elementwrongdocumenterr.xml
128/808 entitygetentityname.xml
129/808 entitygetpublicid.xml
130/808 entitygetpublicidnull.xml
131/808 namednodemapchildnoderange.xml
132/808 namednodemapgetnameditem.xml
133/808 namednodemapinuseattributeerr.xml
134/808 namednodemapnotfounderr.xml
135/808 namednodemapnumberofnodes.xml
136/808 namednodemapremovenameditem.xml
137/808 namednodemapremovenameditemgetvalue.xml
138/808 namednodemapremovenameditemreturnnodevalue.xml
139/808 namednodemapreturnattrnode.xml
140/808 namednodemapreturnfirstitem.xml
141/808 namednodemapreturnlastitem.xml
142/808 namednodemapreturnnull.xml
143/808 namednodemapsetnameditem.xml
144/808 namednodemapsetnameditemreturnvalue.xml
145/808 namednodemapsetnameditemthatexists.xml
146/808 namednodemapsetnameditemwithnewvalue.xml
147/808 namednodemapwrongdocumenterr.xml
148/808 nodeappendchild.xml
149/808 nodeappendchildchildexists.xml
150/808 nodeappendchilddocfragment.xml
151/808 nodeappendchildgetnodename.xml
152/808 nodeappendchildinvalidnodetype.xml
153/808 nodeappendchildnewchilddiffdocument.xml
154/808 nodeappendchildnodeancestor.xml
155/808 nodeappendchildnomodificationallowederr.xml
156/808 nodeappendchildnomodificationallowederrEE.xml
157/808 nodeattributenodeattribute.xml
158/808 nodeattributenodename.xml
159/808 nodeattributenodetype.xml
160/808 nodeattributenodevalue.xml
161/808 nodecdatasectionnodeattribute.xml
162/808 nodecdatasectionnodename.xml
163/808 nodecdatasectionnodetype.xml
implementationAttribute coalescing not supported, skipping test
164/808 nodecdatasectionnodevalue.xml
implementationAttribute coalescing not supported, skipping test
165/808 nodechildnodes.xml
166/808 nodechildnodesappendchild.xml
167/808 nodechildnodesempty.xml
168/808 nodecloneattributescopied.xml
169/808 nodeclonefalsenocopytext.xml
170/808 nodeclonegetparentnull.xml
171/808 nodeclonenodefalse.xml
172/808 nodeclonenodetrue.xml
173/808 nodeclonetruecopytext.xml
174/808 nodecommentnodeattributes.xml
175/808 nodecommentnodename.xml
176/808 nodecommentnodetype.xml
177/808 nodecommentnodevalue.xml
178/808 nodedocumentfragmentnodename.xml
179/808 nodedocumentfragmentnodetype.xml
180/808 nodedocumentfragmentnodevalue.xml
181/808 nodedocumentnodeattribute.xml
182/808 nodedocumentnodename.xml
183/808 nodedocumentnodetype.xml
184/808 nodedocumentnodevalue.xml
185/808 nodedocumenttypenodename.xml
186/808 nodedocumenttypenodetype.xml
187/808 nodedocumenttypenodevalue.xml
188/808 nodeelementnodeattributes.xml
189/808 nodeelementnodename.xml
190/808 nodeelementnodetype.xml
191/808 nodeelementnodevalue.xml
192/808 nodeentitynodeattributes.xml
193/808 nodeentitynodename.xml
194/808 nodeentitynodetype.xml
195/808 nodeentitynodevalue.xml
196/808 nodeentitysetnodevalue.xml
197/808 nodeentityreferencenodeattributes.xml
198/808 nodeentityreferencenodename.xml
199/808 nodeentityreferencenodetype.xml
200/808 nodeentityreferencenodevalue.xml
201/808 nodegetfirstchild.xml
202/808 nodegetfirstchildnull.xml
203/808 nodegetlastchild.xml
204/808 nodegetlastchildnull.xml
205/808 nodegetnextsibling.xml
206/808 nodegetnextsiblingnull.xml
207/808 nodegetownerdocument.xml
208/808 nodegetownerdocumentnull.xml
209/808 nodegetprevioussibling.xml
210/808 nodegetprevioussiblingnull.xml
211/808 nodehaschildnodes.xml
212/808 nodehaschildnodesfalse.xml
213/808 nodeinsertbefore.xml
214/808 nodeinsertbeforedocfragment.xml
215/808 nodeinsertbeforeinvalidnodetype.xml
216/808 nodeinsertbeforenewchilddiffdocument.xml
217/808 nodeinsertbeforenewchildexists.xml
218/808 nodeinsertbeforenodeancestor.xml
219/808 nodeinsertbeforenodename.xml
220/808 nodeinsertbeforenomodificationallowederr.xml
221/808 nodeinsertbeforenomodificationallowederrEE.xml
222/808 nodeinsertbeforerefchildnonexistent.xml
223/808 nodeinsertbeforerefchildnull.xml
224/808 nodelistindexequalzero.xml
225/808 nodelistindexgetlength.xml
226/808 nodelistindexgetlengthofemptylist.xml
227/808 nodelistindexnotzero.xml
228/808 nodelistreturnfirstitem.xml
229/808 nodelistreturnlastitem.xml
230/808 nodelisttraverselist.xml
231/808 nodenotationnodeattributes.xml
232/808 nodenotationnodename.xml
233/808 nodenotationnodetype.xml
234/808 nodenotationnodevalue.xml
235/808 nodeparentnode.xml
236/808 nodeparentnodenull.xml
237/808 nodeprocessinginstructionnodeattributes.xml
238/808 nodeprocessinginstructionnodename.xml
239/808 nodeprocessinginstructionnodetype.xml
240/808 nodeprocessinginstructionnodevalue.xml
241/808 nodeprocessinginstructionsetnodevalue.xml
242/808 noderemovechild.xml
243/808 noderemovechildgetnodename.xml
244/808 noderemovechildnode.xml
245/808 noderemovechildnomodificationallowederr.xml
246/808 noderemovechildnomodificationallowederrEE.xml
247/808 noderemovechildoldchildnonexistent.xml
248/808 nodereplacechild.xml
249/808 nodereplacechildinvalidnodetype.xml
250/808 nodereplacechildnewchilddiffdocument.xml
251/808 nodereplacechildnewchildexists.xml
252/808 nodereplacechildnodeancestor.xml
253/808 nodereplacechildnodename.xml
254/808 nodereplacechildnomodificationallowederr.xml
255/808 nodereplacechildnomodificationallowederrEE.xml
256/808 nodereplacechildoldchildnonexistent.xml
257/808 nodesetnodevaluenomodificationallowederr.xml
258/808 nodesetnodevaluenomodificationallowederrEE.xml
259/808 nodetextnodeattribute.xml
260/808 nodetextnodename.xml
261/808 nodetextnodetype.xml
262/808 nodetextnodevalue.xml
263/808 notationgetnotationname.xml
264/808 notationgetpublicid.xml
265/808 notationgetpublicidnull.xml
266/808 notationgetsystemid.xml
267/808 notationgetsystemidnull.xml
268/808 processinginstructiongetdata.xml
269/808 processinginstructiongettarget.xml
270/808 processinginstructionsetdatanomodificationallowederr.xml
implementationAttribute expandEntityReferences not supported, skipping test
271/808 processinginstructionsetdatanomodificationallowederrEE.xml
272/808 textindexsizeerrnegativeoffset.xml
implementationAttribute signed not supported, skipping test
273/808 textindexsizeerroffsetoutofbounds.xml
274/808 textparseintolistofelements.xml
275/808 textsplittextfour.xml
276/808 textsplittextnomodificationallowederr.xml
277/808 textsplittextnomodificationallowederrEE.xml
278/808 textsplittextone.xml
279/808 textsplittextthree.xml
280/808 textsplittexttwo.xml
281/808 textwithnomarkup.xml
282/808 nodevalue01.xml
283/808 nodevalue02.xml
284/808 nodevalue03.xml
285/808 nodevalue04.xml
286/808 nodevalue05.xml
287/808 nodevalue06.xml
288/808 nodevalue07.xml
289/808 nodevalue08.xml
290/808 nodevalue09.xml
291/808 hc_attrcreatedocumentfragment.xml
292/808 hc_attrcreatetextnode.xml
293/808 hc_attrcreatetextnode2.xml
294/808 hc_attreffectivevalue.xml
295/808 hc_attrname.xml
296/808 hc_attrnextsiblingnull.xml
297/808 hc_attrparentnodenull.xml
298/808 hc_attrprevioussiblingnull.xml
299/808 hc_attrspecifiedvalue.xml
300/808 hc_attrspecifiedvaluechanged.xml
301/808 hc_characterdataappenddata.xml
302/808 hc_characterdataappenddatagetdata.xml
303/808 hc_characterdatadeletedatabegining.xml
304/808 hc_characterdatadeletedataend.xml
305/808 hc_characterdatadeletedataexceedslength.xml
306/808 hc_characterdatadeletedatagetlengthanddata.xml
307/808 hc_characterdatadeletedatamiddle.xml
308/808 hc_characterdatagetdata.xml
309/808 hc_characterdatagetlength.xml
310/808 hc_characterdataindexsizeerrdeletedatacountnegative.xml
implementationAttribute signed not supported, skipping test
311/808 hc_characterdataindexsizeerrdeletedataoffsetgreater.xml
312/808 hc_characterdataindexsizeerrdeletedataoffsetnegative.xml
implementationAttribute signed not supported, skipping test
313/808 hc_characterdataindexsizeerrinsertdataoffsetgreater.xml
314/808 hc_characterdataindexsizeerrinsertdataoffsetnegative.xml
implementationAttribute signed not supported, skipping test
315/808 hc_characterdataindexsizeerrreplacedatacountnegative.xml
implementationAttribute signed not supported, skipping test
316/808 hc_characterdataindexsizeerrreplacedataoffsetgreater.xml
317/808 hc_characterdataindexsizeerrreplacedataoffsetnegative.xml
implementationAttribute signed not supported, skipping test
318/808 hc_characterdataindexsizeerrsubstringcountnegative.xml
implementationAttribute signed not supported, skipping test
319/808 hc_characterdataindexsizeerrsubstringnegativeoffset.xml
implementationAttribute signed not supported, skipping test
320/808 hc_characterdataindexsizeerrsubstringoffsetgreater.xml
321/808 hc_characterdatainsertdatabeginning.xml
322/808 hc_characterdatainsertdataend.xml
323/808 hc_characterdatainsertdatamiddle.xml
324/808 hc_characterdatareplacedatabegining.xml
325/808 hc_characterdatareplacedataend.xml
326/808 hc_characterdatareplacedataexceedslengthofarg.xml
327/808 hc_characterdatareplacedataexceedslengthofdata.xml
328/808 hc_characterdatareplacedatamiddle.xml
329/808 hc_characterdatasetnodevalue.xml
330/808 hc_characterdatasubstringexceedsvalue.xml
331/808 hc_characterdatasubstringvalue.xml
332/808 hc_commentgetcomment.xml
333/808 hc_documentcreateattribute.xml
334/808 hc_documentcreatecomment.xml
335/808 hc_documentcreatedocumentfragment.xml
336/808 hc_documentcreateelement.xml
337/808 hc_documentcreateelementcasesensitive.xml
338/808 hc_documentcreatetextnode.xml
339/808 hc_documentgetdoctype.xml
340/808 hc_documentgetelementsbytagnamelength.xml
341/808 hc_documentgetelementsbytagnametotallength.xml
342/808 hc_documentgetelementsbytagnamevalue.xml
343/808 hc_documentgetimplementation.xml
344/808 hc_documentgetrootnode.xml
345/808 hc_documentinvalidcharacterexceptioncreateattribute.xml
346/808 hc_documentinvalidcharacterexceptioncreateattribute1.xml
347/808 hc_documentinvalidcharacterexceptioncreateelement.xml
348/808 hc_documentinvalidcharacterexceptioncreateelement1.xml
349/808 hc_domimplementationfeaturenoversion.xml
350/808 hc_domimplementationfeaturenull.xml
implementationAttribute hasNullString not supported, skipping test
351/808 hc_domimplementationfeaturexml.xml
352/808 hc_elementaddnewattribute.xml
353/808 hc_elementassociatedattribute.xml
354/808 hc_elementchangeattributevalue.xml
355/808 hc_elementcreatenewattribute.xml
356/808 hc_elementgetattributenode.xml
357/808 hc_elementgetattributenodenull.xml
358/808 hc_elementgetelementempty.xml
359/808 hc_elementgetelementsbytagname.xml
360/808 hc_elementgetelementsbytagnameaccessnodelist.xml
361/808 hc_elementgetelementsbytagnamenomatch.xml
362/808 hc_elementgetelementsbytagnamespecialvalue.xml
363/808 hc_elementgettagname.xml
364/808 hc_elementinuseattributeerr.xml
365/808 hc_elementinvalidcharacterexception.xml
366/808 hc_elementinvalidcharacterexception1.xml
367/808 hc_elementnormalize.xml
368/808 hc_elementnotfounderr.xml
369/808 hc_elementremoveattribute.xml
370/808 hc_elementremoveattributeaftercreate.xml
371/808 hc_elementremoveattributenode.xml
372/808 hc_elementreplaceattributewithself.xml
373/808 hc_elementreplaceexistingattribute.xml
374/808 hc_elementreplaceexistingattributegevalue.xml
375/808 hc_elementretrieveallattributes.xml
376/808 hc_elementretrieveattrvalue.xml
377/808 hc_elementretrievetagname.xml
378/808 hc_elementsetattributenodenull.xml
379/808 hc_elementwrongdocumenterr.xml
380/808 hc_entitiesremovenameditem1.xml
381/808 hc_entitiessetnameditem1.xml
382/808 hc_namednodemapchildnoderange.xml
383/808 hc_namednodemapgetnameditem.xml
384/808 hc_namednodemapinuseattributeerr.xml
385/808 hc_namednodemapnotfounderr.xml
386/808 hc_namednodemapnumberofnodes.xml
387/808 hc_namednodemapremovenameditem.xml
388/808 hc_namednodemapreturnattrnode.xml
389/808 hc_namednodemapreturnfirstitem.xml
390/808 hc_namednodemapreturnlastitem.xml
391/808 hc_namednodemapreturnnull.xml
392/808 hc_namednodemapsetnameditem.xml
393/808 hc_namednodemapsetnameditemreturnvalue.xml
394/808 hc_namednodemapsetnameditemthatexists.xml
395/808 hc_namednodemapsetnameditemwithnewvalue.xml
396/808 hc_namednodemapwrongdocumenterr.xml
397/808 hc_nodeappendchild.xml
398/808 hc_nodeappendchildchildexists.xml
399/808 hc_nodeappendchilddocfragment.xml
400/808 hc_nodeappendchildgetnodename.xml
401/808 hc_nodeappendchildinvalidnodetype.xml
402/808 hc_nodeappendchildnewchilddiffdocument.xml
403/808 hc_nodeappendchildnodeancestor.xml
404/808 hc_nodeattributenodeattribute.xml
405/808 hc_nodeattributenodename.xml
406/808 hc_nodeattributenodetype.xml
407/808 hc_nodeattributenodevalue.xml
408/808 hc_nodechildnodes.xml
409/808 hc_nodechildnodesappendchild.xml
410/808 hc_nodechildnodesempty.xml
411/808 hc_nodecloneattributescopied.xml
412/808 hc_nodeclonefalsenocopytext.xml
413/808 hc_nodeclonegetparentnull.xml
414/808 hc_nodeclonenodefalse.xml
415/808 hc_nodeclonenodetrue.xml
416/808 hc_nodeclonetruecopytext.xml
417/808 hc_nodecommentnodeattributes.xml
418/808 hc_nodecommentnodename.xml
419/808 hc_nodecommentnodetype.xml
420/808 hc_nodecommentnodevalue.xml
421/808 hc_nodedocumentfragmentnodename.xml
422/808 hc_nodedocumentfragmentnodetype.xml
423/808 hc_nodedocumentfragmentnodevalue.xml
424/808 hc_nodedocumentnodeattribute.xml
425/808 hc_nodedocumentnodename.xml
426/808 hc_nodedocumentnodetype.xml
427/808 hc_nodedocumentnodevalue.xml
428/808 hc_nodeelementnodeattributes.xml
429/808 hc_nodeelementnodename.xml
430/808 hc_nodeelementnodetype.xml
431/808 hc_nodeelementnodevalue.xml
432/808 hc_nodegetfirstchild.xml
433/808 hc_nodegetfirstchildnull.xml
434/808 hc_nodegetlastchild.xml
435/808 hc_nodegetlastchildnull.xml
436/808 hc_nodegetnextsibling.xml
437/808 hc_nodegetnextsiblingnull.xml
438/808 hc_nodegetownerdocument.xml
439/808 hc_nodegetownerdocumentnull.xml
440/808 hc_nodegetprevioussibling.xml
441/808 hc_nodegetprevioussiblingnull.xml
442/808 hc_nodehaschildnodes.xml
443/808 hc_nodehaschildnodesfalse.xml
444/808 hc_nodeinsertbefore.xml
445/808 hc_nodeinsertbeforedocfragment.xml
446/808 hc_nodeinsertbeforeinvalidnodetype.xml
447/808 hc_nodeinsertbeforenewchilddiffdocument.xml
448/808 hc_nodeinsertbeforenewchildexists.xml
449/808 hc_nodeinsertbeforenodeancestor.xml
450/808 hc_nodeinsertbeforenodename.xml
451/808 hc_nodeinsertbeforerefchildnonexistent.xml
452/808 hc_nodeinsertbeforerefchildnull.xml
453/808 hc_nodelistindexequalzero.xml
454/808 hc_nodelistindexgetlength.xml
455/808 hc_nodelistindexgetlengthofemptylist.xml
456/808 hc_nodelistindexnotzero.xml
457/808 hc_nodelistreturnfirstitem.xml
458/808 hc_nodelistreturnlastitem.xml
459/808 hc_nodelisttraverselist.xml
460/808 hc_nodeparentnode.xml
461/808 hc_nodeparentnodenull.xml
462/808 hc_noderemovechild.xml
463/808 hc_noderemovechildgetnodename.xml
464/808 hc_noderemovechildnode.xml
465/808 hc_noderemovechildoldchildnonexistent.xml
466/808 hc_nodereplacechild.xml
467/808 hc_nodereplacechildinvalidnodetype.xml
468/808 hc_nodereplacechildnewchilddiffdocument.xml
469/808 hc_nodereplacechildnodeancestor.xml
470/808 hc_nodereplacechildnodename.xml
471/808 hc_nodereplacechildoldchildnonexistent.xml
472/808 hc_nodetextnodeattribute.xml
473/808 hc_nodetextnodename.xml
474/808 hc_nodetextnodetype.xml
475/808 hc_nodetextnodevalue.xml
476/808 hc_nodevalue01.xml
477/808 hc_nodevalue02.xml
478/808 hc_nodevalue03.xml
479/808 hc_nodevalue04.xml
480/808 hc_nodevalue05.xml
481/808 hc_nodevalue06.xml
482/808 hc_nodevalue07.xml
483/808 hc_nodevalue08.xml
484/808 hc_notationsremovenameditem1.xml
485/808 hc_notationssetnameditem1.xml
486/808 hc_textindexsizeerrnegativeoffset.xml
implementationAttribute signed not supported, skipping test
487/808 hc_textindexsizeerroffsetoutofbounds.xml
488/808 hc_textparseintolistofelements.xml
489/808 hc_textsplittextfour.xml
490/808 hc_textsplittextone.xml
491/808 hc_textsplittextthree.xml
492/808 hc_textsplittexttwo.xml
493/808 hc_textwithnomarkup.xml
494/808 hc_attrappendchild1.xml
495/808 hc_attrappendchild2.xml
496/808 hc_attrappendchild3.xml
497/808 hc_attrappendchild4.xml
498/808 hc_attrappendchild5.xml
499/808 hc_attrappendchild6.xml
500/808 hc_attrchildnodes1.xml
501/808 hc_attrchildnodes2.xml
502/808 hc_attrclonenode1.xml
503/808 hc_attrfirstchild.xml
504/808 hc_attrgetvalue1.xml
505/808 hc_attrgetvalue2.xml
506/808 hc_attrhaschildnodes.xml
507/808 hc_attrinsertbefore1.xml
508/808 hc_attrinsertbefore2.xml
509/808 hc_attrinsertbefore3.xml
510/808 hc_attrinsertbefore4.xml
511/808 hc_attrinsertbefore5.xml
512/808 hc_attrinsertbefore6.xml
513/808 hc_attrinsertbefore7.xml
514/808 hc_attrlastchild.xml
515/808 hc_attrnormalize.xml
516/808 hc_attrremovechild1.xml
517/808 hc_attrremovechild2.xml
518/808 hc_attrreplacechild1.xml
519/808 hc_attrreplacechild2.xml
520/808 hc_attrsetvalue1.xml
521/808 hc_attrsetvalue2.xml
522/808 attrremovechild1.xml
523/808 attrreplacechild1.xml

#P"/home/david/2001/DOM-Test-Suite/tests/level2/core/" 
524/808 attrgetownerelement01.xml
TEST FAILED: There is no applicable method for the generic function
               #<STANDARD-GENERIC-FUNCTION DOM:OWNER-ELEMENT (1)>
             when called with arguments
               (NIL).
525/808 attrgetownerelement02.xml
526/808 attrgetownerelement03.xml
527/808 attrgetownerelement04.xml
TEST FAILED: There is no applicable method for the generic function
               #<STANDARD-GENERIC-FUNCTION DOM:IMPORT-NODE (8)>
             when called with arguments
               (#<DOM-IMPL::DOCUMENT {xxxxxxxx}> NIL T).
528/808 attrgetownerelement05.xml
TEST FAILED: There is no applicable method for the generic function
               #<STANDARD-GENERIC-FUNCTION DOM:OWNER-ELEMENT (1)>
             when called with arguments
               (NIL).
529/808 createAttributeNS01.xml
TEST FAILED: expected exception NAMESPACE_ERR
530/808 createAttributeNS02.xml
TEST FAILED: expected exception NAMESPACE_ERR
531/808 createAttributeNS03.xml
532/808 createAttributeNS04.xml
TEST FAILED: expected exception NAMESPACE_ERR
533/808 createAttributeNS05.xml
TEST FAILED: The assertion (DOMTEST::EQUALSP DOMTEST-TESTS::|attrName|
                                             DOMTEST-TESTS::|qualifiedName|
                                             'DOMTEST::%EQUAL) failed.
534/808 createAttributeNS06.xml
535/808 createDocument01.xml
TEST FAILED: When attempting to
             set the slot's value to NIL (SETF of SLOT-VALUE), the slot
             DOM-IMPL::NAMESPACE-URI is missing from the object
             #<DOM-IMPL::DOCUMENT {xxxxxxxx}>.
536/808 createDocument02.xml
TEST FAILED: When attempting to
             set the slot's value to NIL (SETF of SLOT-VALUE), the slot
             DOM-IMPL::NAMESPACE-URI is missing from the object
             #<DOM-IMPL::DOCUMENT {xxxxxxxx}>.
537/808 createDocument03.xml
TEST FAILED: When attempting to
             set the slot's value to NIL (SETF of SLOT-VALUE), the slot
             DOM-IMPL::NAMESPACE-URI is missing from the object
             #<DOM-IMPL::DOCUMENT {xxxxxxxx}>.
538/808 createDocument04.xml
TEST FAILED: When attempting to
             set the slot's value to NIL (SETF of SLOT-VALUE), the slot
             DOM-IMPL::NAMESPACE-URI is missing from the object
             #<DOM-IMPL::DOCUMENT {xxxxxxxx}>.
539/808 createDocument05.xml
TEST FAILED: When attempting to
             set the slot's value to NIL (SETF of SLOT-VALUE), the slot
             DOM-IMPL::NAMESPACE-URI is missing from the object
             #<DOM-IMPL::DOCUMENT {xxxxxxxx}>.
540/808 createDocument06.xml
TEST FAILED: When attempting to
             set the slot's value to NIL (SETF of SLOT-VALUE), the slot
             DOM-IMPL::NAMESPACE-URI is missing from the object
             #<DOM-IMPL::DOCUMENT {xxxxxxxx}>.
541/808 createDocument07.xml
TEST FAILED: When attempting to
             set the slot's value to NIL (SETF of SLOT-VALUE), the slot
             DOM-IMPL::NAMESPACE-URI is missing from the object
             #<DOM-IMPL::DOCUMENT {xxxxxxxx}>.
542/808 createDocument08.xml
TEST FAILED: There is no applicable method for the generic function
               #<STANDARD-GENERIC-FUNCTION DOM:IMPLEMENTATION (1)>
             when called with arguments
               (NIL).
543/808 createDocumentType01.xml
TEST FAILED: expected exception NAMESPACE_ERR
544/808 createDocumentType02.xml
TEST FAILED: expected exception INVALID_CHARACTER_ERR
545/808 createDocumentType03.xml
TEST FAILED: The assertion (DOMTEST::EQUALSP DOMTEST-TESTS::|nodeName|
                                             #(112 114 101 102 105 120 58 109
                                               121 68 111 99)
                                             'DOMTEST::%EQUAL) failed.
546/808 createDocumentType04.xml
TEST FAILED: There is no applicable method for the generic function
               #<STANDARD-GENERIC-FUNCTION DOM:IMPLEMENTATION (1)>
             when called with arguments
               (NIL).
547/808 createElementNS01.xml
TEST FAILED: expected exception NAMESPACE_ERR
548/808 createElementNS02.xml
TEST FAILED: expected exception NAMESPACE_ERR
549/808 createElementNS03.xml
550/808 createElementNS04.xml
TEST FAILED: expected exception NAMESPACE_ERR
551/808 createElementNS05.xml
TEST FAILED: The assertion (DOMTEST::EQUALSP DOMTEST-TESTS::|elementName|
                                             DOMTEST-TESTS::|qualifiedName|
                                             'DOMTEST::%EQUAL) failed.
552/808 documentcreateattributeNS01.xml
TEST FAILED: The assertion (DOMTEST::EQUALSP DOMTEST-TESTS::|nodeName|
                                             #(116 101 115 116)
                                             'DOMTEST::%EQUAL) failed.
553/808 documentcreateattributeNS02.xml
554/808 documentcreateattributeNS03.xml
555/808 documentcreateattributeNS04.xml
TEST FAILED: The variable CXML::*CTX* is unbound.
556/808 documentcreateattributeNS05.xml
TEST FAILED: When attempting to
             set the slot's value to #(104 116 116 112 58 47 47 119 119 119 46 119 51 46 111
                          114 103 47 68 79 77 47 84 101 115 116) (SETF of SLOT-VALUE),
             the slot DOM-IMPL::NAMESPACE-URI is missing from the object
             #<DOM-IMPL::DOCUMENT {xxxxxxxx}>.
557/808 documentcreateattributeNS06.xml
TEST FAILED: When attempting to
             set the slot's value to #(104 116 116 112 58 47 47 119 119 119 46 119 51 46 111
                          114 103 47 68 79 77 47 84 101 115 116) (SETF of SLOT-VALUE),
             the slot DOM-IMPL::NAMESPACE-URI is missing from the object
             #<DOM-IMPL::DOCUMENT {xxxxxxxx}>.
558/808 documentcreateattributeNS07.xml
TEST FAILED: expected exception NAMESPACE_ERR
559/808 documentcreateelementNS01.xml
TEST FAILED: The assertion (DOMTEST::EQUALSP DOMTEST-TESTS::|nodeName|
                                             #(88 77 76 58 88 77 76)
                                             'DOMTEST::%EQUAL) failed.
560/808 documentcreateelementNS02.xml
TEST FAILED: expected exception INVALID_CHARACTER_ERR
561/808 documentcreateelementNS05.xml
TEST FAILED: expected exception NAMESPACE_ERR
562/808 documentcreateelementNS06.xml
TEST FAILED: When attempting to
             set the slot's value to #(104 116 116 112 58 47 47 119 119 119 46 119 51 46 111
                          114 103 47 68 79 77 47 84 101 115 116) (SETF of SLOT-VALUE),
             the slot DOM-IMPL::NAMESPACE-URI is missing from the object
             #<DOM-IMPL::DOCUMENT {xxxxxxxx}>.
563/808 documentgetelementbyid01.xml
564/808 documentgetelementsbytagnameNS01.xml
TEST FAILED: When attempting to
             set the slot's value to NIL (SETF of SLOT-VALUE), the slot
             DOM-IMPL::NAMESPACE-URI is missing from the object
             #<DOM-IMPL::DOCUMENT {xxxxxxxx}>.
565/808 documentgetelementsbytagnameNS02.xml
TEST FAILED: The assertion (EQL (LENGTH DOMTEST::COLLECTION) 6) failed.
566/808 documentgetelementsbytagnameNS03.xml
567/808 documentgetelementsbytagnameNS04.xml
568/808 documentgetelementsbytagnameNS05.xml
569/808 documentimportnode01.xml
570/808 documentimportnode02.xml
TEST FAILED: There is no applicable method for the generic function
               #<STANDARD-GENERIC-FUNCTION DOM:IMPORT-NODE (8)>
             when called with arguments
               (#<DOM-IMPL::DOCUMENT {xxxxxxxx}> NIL NIL).
571/808 documentimportnode03.xml
572/808 documentimportnode04.xml
TEST FAILED: When attempting to
             set the slot's value to #(104 116 116 112 58 47 47 119 119 119 46 119 51 46 111
                          114 103 47 68 79 77 47 84 101 115 116) (SETF of SLOT-VALUE),
             the slot DOM-IMPL::NAMESPACE-URI is missing from the object
             #<DOM-IMPL::DOCUMENT {xxxxxxxx}>.
573/808 documentimportnode05.xml
TEST FAILED: The slot DOM-IMPL::NAMESPACE-URI is unbound in the object #<DOM-IMPL::ATTRIBUTE a_:b0="" {xxxxxxxx}>.
574/808 documentimportnode06.xml
TEST FAILED: There is no applicable method for the generic function
               #<STANDARD-GENERIC-FUNCTION DOM:IMPORT-NODE (8)>
             when called with arguments
               (#<DOM-IMPL::DOCUMENT {xxxxxxxx}>
                #<DOM-IMPL::DOCUMENT {xxxxxxxx}> NIL).
575/808 documentimportnode07.xml
TEST FAILED: There is no applicable method for the generic function
               #<STANDARD-GENERIC-FUNCTION DOM:IMPORT-NODE (8)>
             when called with arguments
               (#<DOM-IMPL::DOCUMENT {xxxxxxxx}>
                #<DOM-IMPL::DOCUMENT-TYPE {xxxxxxxx}> T).
576/808 documentimportnode08.xml
TEST FAILED: There is no applicable method for the generic function
               #<STANDARD-GENERIC-FUNCTION DOM:IMPORT-NODE (8)>
             when called with arguments
               (#<DOM-IMPL::DOCUMENT {xxxxxxxx}>
                #<DOM-IMPL::DOCUMENT-TYPE {xxxxxxxx}> T).
577/808 documentimportnode09.xml
578/808 documentimportnode10.xml
579/808 documentimportnode11.xml
580/808 documentimportnode12.xml
581/808 documentimportnode13.xml
582/808 documentimportnode14.xml
TEST FAILED: There is no applicable method for the generic function
               #<STANDARD-GENERIC-FUNCTION DOM:IMPLEMENTATION (1)>
             when called with arguments
               (NIL).
583/808 documentimportnode15.xml
584/808 documentimportnode17.xml
585/808 documentimportnode18.xml
586/808 documentimportnode19.xml
TEST FAILED: When attempting to
             set the slot's value to #(104 116 116 112 58 47 47 119 119 119 46 119 51 46 111
                          114 103 47 68 79 77 47 84 101 115 116) (SETF of SLOT-VALUE),
             the slot DOM-IMPL::NAMESPACE-URI is missing from the object
             #<DOM-IMPL::DOCUMENT {xxxxxxxx}>.
587/808 documentimportnode20.xml
implementationAttribute expandEntityReferences not supported, skipping test
588/808 documentimportnode21.xml
implementationAttribute expandEntityReferences not supported, skipping test
589/808 documentimportnode22.xml
TEST FAILED: When attempting to
             set the slot's value to #(104 116 116 112 58 47 47 119 119 119 46 119 51 46 111
                          114 103 47 68 79 77 47 84 101 115 116) (SETF of SLOT-VALUE),
             the slot DOM-IMPL::NAMESPACE-URI is missing from the object
             #<DOM-IMPL::DOCUMENT {xxxxxxxx}>.
590/808 documenttypeinternalSubset01.xml
591/808 documenttypepublicid01.xml
592/808 documenttypesystemid01.xml
593/808 domimplementationcreatedocument03.xml
TEST FAILED: When attempting to
             set the slot's value to NIL (SETF of SLOT-VALUE), the slot
             DOM-IMPL::NAMESPACE-URI is missing from the object
             #<DOM-IMPL::DOCUMENT {xxxxxxxx}>.
594/808 domimplementationcreatedocument04.xml
TEST FAILED: When attempting to
             set the slot's value to NIL (SETF of SLOT-VALUE), the slot
             DOM-IMPL::NAMESPACE-URI is missing from the object
             #<DOM-IMPL::DOCUMENT {xxxxxxxx}>.
595/808 domimplementationcreatedocument05.xml
TEST FAILED: When attempting to
             set the slot's value to NIL (SETF of SLOT-VALUE), the slot
             DOM-IMPL::NAMESPACE-URI is missing from the object
             #<DOM-IMPL::DOCUMENT {xxxxxxxx}>.
596/808 domimplementationcreatedocument07.xml
TEST FAILED: When attempting to
             set the slot's value to NIL (SETF of SLOT-VALUE), the slot
             DOM-IMPL::NAMESPACE-URI is missing from the object
             #<DOM-IMPL::DOCUMENT {xxxxxxxx}>.
597/808 domimplementationcreatedocumenttype01.xml
598/808 domimplementationcreatedocumenttype02.xml
599/808 domimplementationcreatedocumenttype04.xml
TEST FAILED: expected exception INVALID_CHARACTER_ERR
600/808 domimplementationfeaturecore.xml
TEST FAILED: The assertion DOMTEST-TESTS::|state| failed.
601/808 domimplementationfeaturexmlversion2.xml
TEST FAILED: The assertion DOMTEST-TESTS::|state| failed.
602/808 domimplementationhasfeature01.xml
TEST FAILED: The assertion DOMTEST-TESTS::|success| failed.
603/808 domimplementationhasfeature02.xml
604/808 elementgetattributenodens01.xml
TEST FAILED: There is no applicable method for the generic function
               #<STANDARD-GENERIC-FUNCTION DOM:NODE-VALUE (10)>
             when called with arguments
               (NIL).
605/808 elementgetattributenodens02.xml
TEST FAILED: There is no applicable method for the generic function
               #<STANDARD-GENERIC-FUNCTION DOM:NODE-VALUE (10)>
             when called with arguments
               (NIL).
606/808 elementgetattributenodens03.xml
TEST FAILED: There is no applicable method for the generic function
               #<STANDARD-GENERIC-FUNCTION DOM:NODE-VALUE (10)>
             when called with arguments
               (NIL).
607/808 elementgetattributens02.xml
TEST FAILED: The assertion (DOMTEST::EQUALSP DOMTEST-TESTS::|attrValue|
                                             #(100 101 102 97 117 108 116 86 97
                                               108)
                                             'DOMTEST::%EQUAL) failed.
608/808 elementgetelementsbytagnamens02.xml
609/808 elementgetelementsbytagnamens04.xml
TEST FAILED: The assertion (EQL (LENGTH DOMTEST::COLLECTION) 1) failed.
610/808 elementgetelementsbytagnamens05.xml
611/808 elementhasattribute01.xml
612/808 elementhasattribute02.xml
613/808 elementhasattribute03.xml
614/808 elementhasattribute04.xml
615/808 elementhasattributens01.xml
TEST FAILED: The assertion DOMTEST-TESTS::|state| failed.
616/808 elementhasattributens02.xml
TEST FAILED: The assertion DOMTEST-TESTS::|state| failed.
617/808 elementhasattributens03.xml
TEST FAILED: The assertion DOMTEST-TESTS::|state| failed.
618/808 elementremoveattributens01.xml
TEST FAILED: There is no applicable method for the generic function
               #<STANDARD-GENERIC-FUNCTION DOM:REMOVE-ATTRIBUTE-NODE (1)>
             when called with arguments
               (#<DOM-IMPL::ELEMENT elem {xxxxxxxx}> NIL).
619/808 elementsetattributenodens01.xml
TEST FAILED: There is no applicable method for the generic function
               #<STANDARD-GENERIC-FUNCTION DOM:NODE-NAME (12)>
             when called with arguments
               (NIL).
620/808 elementsetattributenodens02.xml
TEST FAILED: There is no applicable method for the generic function
               #<STANDARD-GENERIC-FUNCTION DOM:CLONE-NODE (1)>
             when called with arguments
               (NIL T).
621/808 elementsetattributenodens03.xml
TEST FAILED: There is no applicable method for the generic function
               #<STANDARD-GENERIC-FUNCTION DOM:SET-ATTRIBUTE-NODE-NS (1)>
             when called with arguments
               (#<DOM-IMPL::ELEMENT address {xxxxxxxx}> NIL).
622/808 elementsetattributenodens04.xml
623/808 elementsetattributenodens05.xml
624/808 elementsetattributenodens06.xml
implementationAttribute expandEntityReferences not supported, skipping test
625/808 elementsetattributens01.xml
TEST FAILED: There is no applicable method for the generic function
               #<STANDARD-GENERIC-FUNCTION DOM:NODE-NAME (12)>
             when called with arguments
               (NIL).
626/808 elementsetattributens02.xml
TEST FAILED: There is no applicable method for the generic function
               #<STANDARD-GENERIC-FUNCTION DOM:SET-ATTRIBUTE-NS (1)>
             when called with arguments
               (NIL
                #(104 116 116 112 58 47 47 119 119 119 46 119 51 46 111 114 103
                  47 68 79 77 47 84 101 115 116 47 115 101 116 65 116 116 114
                  105 98 117 116 101 78 83)
                #(116 104 105 115 58 115 116 114 101 101 116)
                #(83 105 108 118 101 114 32 83 116 114 101 101 116)).
627/808 elementsetattributens03.xml
TEST FAILED: There is no applicable method for the generic function
               #<STANDARD-GENERIC-FUNCTION DOM:NODE-NAME (12)>
             when called with arguments
               (NIL).
628/808 elementsetattributens04.xml
629/808 elementsetattributens05.xml
TEST FAILED: expected exception NAMESPACE_ERR
630/808 elementsetattributens08.xml
TEST FAILED: expected exception NAMESPACE_ERR
631/808 elementsetattributensurinull.xml
TEST FAILED: expected exception NAMESPACE_ERR
632/808 getAttributeNS01.xml
TEST FAILED: The assertion (DOMTEST::EQUALSP DOMTEST-TESTS::|attrValue|
                                             #(68 73 83 84 82 73 67 84)
                                             'DOMTEST::%EQUAL) failed.
633/808 getAttributeNS02.xml
634/808 getAttributeNS03.xml
TEST FAILED: There is no applicable method for the generic function
               #<STANDARD-GENERIC-FUNCTION DOM:REMOVE-ATTRIBUTE-NODE (1)>
             when called with arguments
               (#<DOM-IMPL::ELEMENT emp:address {xxxxxxxx}> NIL).
635/808 getAttributeNS04.xml
TEST FAILED: The assertion (DOMTEST::EQUALSP DOMTEST-TESTS::|attrValue|
                                             #(78 101 119 86 97 108 117 101)
                                             'DOMTEST::%EQUAL) failed.
636/808 getAttributeNS05.xml
TEST FAILED: The assertion (DOMTEST::EQUALSP DOMTEST-TESTS::|attrValue|
                                             #(89 101 115)
                                             'DOMTEST::%EQUAL) failed.
637/808 getAttributeNodeNS01.xml
638/808 getAttributeNodeNS02.xml
TEST FAILED: There is no applicable method for the generic function
               #<STANDARD-GENERIC-FUNCTION DOM:NODE-NAME (12)>
             when called with arguments
               (NIL).
639/808 getElementById01.xml
TEST FAILED: There is no applicable method for the generic function
               #<STANDARD-GENERIC-FUNCTION DOM:TAG-NAME (1)>
             when called with arguments
               (NIL).
640/808 getElementById02.xml
641/808 getElementsByTagNameNS01.xml
TEST FAILED: The assertion (EQL (LENGTH DOMTEST::COLLECTION) 37) failed.
642/808 getElementsByTagNameNS02.xml
TEST FAILED: The assertion (EQL (LENGTH DOMTEST::COLLECTION) 5) failed.
643/808 getElementsByTagNameNS03.xml
644/808 getElementsByTagNameNS04.xml
645/808 getElementsByTagNameNS05.xml
646/808 getElementsByTagNameNS06.xml
647/808 getElementsByTagNameNS07.xml
648/808 getElementsByTagNameNS08.xml
649/808 getElementsByTagNameNS09.xml
TEST FAILED: The assertion (EQL (LENGTH DOMTEST::COLLECTION) 5) failed.
650/808 getElementsByTagNameNS10.xml
651/808 getElementsByTagNameNS11.xml
652/808 getElementsByTagNameNS12.xml
653/808 getElementsByTagNameNS13.xml
654/808 getElementsByTagNameNS14.xml
655/808 getNamedItemNS01.xml
TEST FAILED: There is no applicable method for the generic function
               #<STANDARD-GENERIC-FUNCTION DOM:NODE-NAME (12)>
             when called with arguments
               (NIL).
656/808 getNamedItemNS02.xml
657/808 getNamedItemNS03.xml
658/808 getNamedItemNS04.xml
659/808 hasAttribute01.xml
660/808 hasAttribute02.xml
661/808 hasAttribute03.xml
662/808 hasAttribute04.xml
663/808 hasAttributeNS01.xml
664/808 hasAttributeNS02.xml
665/808 hasAttributeNS03.xml
666/808 hasAttributeNS04.xml
TEST FAILED: The assertion DOMTEST-TESTS::|state| failed.
667/808 hasAttributeNS05.xml
TEST FAILED: The assertion DOMTEST-TESTS::|state| failed.
668/808 hasAttributes01.xml
669/808 hasAttributes02.xml
670/808 hc_entitiesremovenameditemns1.xml
671/808 hc_entitiessetnameditemns1.xml
672/808 hc_namednodemapinvalidtype1.xml
673/808 hc_nodedocumentfragmentnormalize1.xml
674/808 hc_nodedocumentfragmentnormalize2.xml
TEST FAILED: The assertion (NULL DOMTEST-TESTS::|txtNode|) failed.
675/808 hc_notationsremovenameditemns1.xml
676/808 hc_notationssetnameditemns1.xml
677/808 importNode01.xml
678/808 importNode02.xml
679/808 importNode03.xml
680/808 importNode04.xml
681/808 importNode05.xml
682/808 importNode06.xml
683/808 importNode07.xml
TEST FAILED: The assertion (EQL (LENGTH DOMTEST::COLLECTION) 1) failed.
684/808 importNode08.xml
685/808 importNode09.xml
686/808 importNode10.xml
687/808 importNode11.xml
TEST FAILED: NOT_SUPPORTED_ERR (9):
not implemented
688/808 importNode12.xml
689/808 importNode13.xml
690/808 importNode14.xml
691/808 importNode15.xml
692/808 importNode16.xml
TEST FAILED: There is no applicable method for the generic function
               #<STANDARD-GENERIC-FUNCTION DOM:IMPORT-NODE (8)>
             when called with arguments
               (#<DOM-IMPL::DOCUMENT {xxxxxxxx}>
                #<DOM-IMPL::DOCUMENT-TYPE {xxxxxxxx}> NIL).
693/808 importNode17.xml
TEST FAILED: There is no applicable method for the generic function
               #<STANDARD-GENERIC-FUNCTION DOM:IMPORT-NODE (8)>
             when called with arguments
               (#<DOM-IMPL::DOCUMENT {xxxxxxxx}>
                #<DOM-IMPL::DOCUMENT {xxxxxxxx}> NIL).
694/808 internalSubset01.xml
TEST FAILED: The assertion (NULL DOMTEST-TESTS::|internal|) failed.
695/808 isSupported01.xml
696/808 isSupported02.xml
697/808 isSupported04.xml
698/808 isSupported05.xml
699/808 isSupported06.xml
700/808 isSupported07.xml
TEST FAILED: The assertion DOMTEST-TESTS::|state| failed.
701/808 isSupported09.xml
702/808 isSupported10.xml
703/808 isSupported11.xml
704/808 isSupported12.xml
705/808 isSupported13.xml
TEST FAILED: The assertion DOMTEST-TESTS::|state| failed.
706/808 isSupported14.xml
TEST FAILED: The assertion DOMTEST-TESTS::|state| failed.
707/808 localName01.xml
708/808 localName02.xml
709/808 localName03.xml
710/808 localName04.xml
711/808 namednodemapgetnameditemns01.xml
712/808 namednodemapgetnameditemns02.xml
TEST FAILED: There is no applicable method for the generic function
               #<STANDARD-GENERIC-FUNCTION DOM:NODE-NAME (12)>
             when called with arguments
               (NIL).
713/808 namednodemapgetnameditemns03.xml
TEST FAILED: There is no applicable method for the generic function
               #<STANDARD-GENERIC-FUNCTION DOM:NODE-NAME (12)>
             when called with arguments
               (NIL).
714/808 namednodemapgetnameditemns04.xml
TEST FAILED: There is no applicable method for the generic function
               #<STANDARD-GENERIC-FUNCTION DOM:NODE-NAME (12)>
             when called with arguments
               (NIL).
715/808 namednodemapgetnameditemns05.xml
716/808 namednodemapgetnameditemns06.xml
TEST FAILED: There is no applicable method for the generic function
               #<STANDARD-GENERIC-FUNCTION DOM:NODE-NAME (12)>
             when called with arguments
               (NIL).
717/808 namednodemapremovenameditemns01.xml
718/808 namednodemapremovenameditemns02.xml
TEST FAILED: There is no applicable method for the generic function
               #<STANDARD-GENERIC-FUNCTION DOM:NODE-VALUE (10)>
             when called with arguments
               (NIL).
719/808 namednodemapremovenameditemns03.xml
TEST FAILED: There is no applicable method for the generic function
               #<STANDARD-GENERIC-FUNCTION DOM:NODE-NAME (12)>
             when called with arguments
               (NIL).
720/808 namednodemapremovenameditemns04.xml
TEST FAILED: NOT_FOUND_ERR (8):
#(120 109 108 110 115) not found in #<ATTRIBUTE-NODE-MAP {xxxxxxxx}>
721/808 namednodemapremovenameditemns05.xml
722/808 namednodemapremovenameditemns06.xml
723/808 namednodemapremovenameditemns07.xml
724/808 namednodemapremovenameditemns08.xml
TEST FAILED: There is no applicable method for the generic function
               #<STANDARD-GENERIC-FUNCTION DOM:REMOVE-ATTRIBUTE-NODE (1)>
             when called with arguments
               (#<DOM-IMPL::ELEMENT emp:address {xxxxxxxx}> NIL).
725/808 namednodemapremovenameditemns09.xml
726/808 namednodemapsetnameditemns01.xml
TEST FAILED: There is no applicable method for the generic function
               #<STANDARD-GENERIC-FUNCTION DOM:NODE-NAME (12)>
             when called with arguments
               (NIL).
727/808 namednodemapsetnameditemns02.xml
TEST FAILED: There is no applicable method for the generic function
               #<STANDARD-GENERIC-FUNCTION DOM:NODE-NAME (12)>
             when called with arguments
               (NIL).
728/808 namednodemapsetnameditemns03.xml
TEST FAILED: There is no applicable method for the generic function
               #<STANDARD-GENERIC-FUNCTION DOM:NAMESPACE-URI (2)>
             when called with arguments
               (NIL).
729/808 namednodemapsetnameditemns04.xml
TEST FAILED: When attempting to
             set the slot's value to NIL (SETF of SLOT-VALUE), the slot
             DOM-IMPL::NAMESPACE-URI is missing from the object
             #<DOM-IMPL::DOCUMENT {xxxxxxxx}>.
730/808 namednodemapsetnameditemns05.xml
731/808 namednodemapsetnameditemns06.xml
TEST FAILED: There is no applicable method for the generic function
               #<STANDARD-GENERIC-FUNCTION DOM:NAMESPACE-URI (2)>
             when called with arguments
               (NIL).
732/808 namednodemapsetnameditemns07.xml
TEST FAILED: There is no applicable method for the generic function
               #<STANDARD-GENERIC-FUNCTION DOM:NAMESPACE-URI (2)>
             when called with arguments
               (NIL).
733/808 namednodemapsetnameditemns08.xml
TEST FAILED: There is no applicable method for the generic function
               #<STANDARD-GENERIC-FUNCTION DOM:NAMESPACE-URI (2)>
             when called with arguments
               (NIL).
734/808 namednodemapsetnameditemns09.xml
735/808 namednodemapsetnameditemns10.xml
736/808 namednodemapsetnameditemns11.xml
737/808 namespaceURI01.xml
TEST FAILED: There is no applicable method for the generic function
               #<STANDARD-GENERIC-FUNCTION DOM:NAMESPACE-URI (2)>
             when called with arguments
               (NIL).
738/808 namespaceURI02.xml
TEST FAILED: There is no applicable method for the generic function
               #<STANDARD-GENERIC-FUNCTION DOM:NAMESPACE-URI (2)>
             when called with arguments
               (NIL).
739/808 namespaceURI03.xml
740/808 namespaceURI04.xml
741/808 nodegetlocalname03.xml
742/808 nodegetnamespaceuri03.xml
TEST FAILED: The assertion (NULL DOMTEST-TESTS::|attrNSURINull|) failed.
743/808 nodegetownerdocument01.xml
744/808 nodegetownerdocument02.xml
TEST FAILED: When attempting to
             set the slot's value to #(104 116 116 112 58 47 47 119 119 119 46 119 51 46 111
                          114 103 47 68 79 77 47 84 101 115 116) (SETF of SLOT-VALUE),
             the slot DOM-IMPL::NAMESPACE-URI is missing from the object
             #<DOM-IMPL::DOCUMENT {xxxxxxxx}>.
745/808 nodegetprefix03.xml
746/808 nodehasattributes01.xml
747/808 nodehasattributes02.xml
TEST FAILED: There is no applicable method for the generic function
               #<STANDARD-GENERIC-FUNCTION DOM:HAS-ATTRIBUTES (1)>
             when called with arguments
               (#<DOM-IMPL::DOCUMENT-TYPE {xxxxxxxx}>).
748/808 nodehasattributes03.xml
749/808 nodehasattributes04.xml
TEST FAILED: When attempting to
             set the slot's value to #(104 116 116 112 58 47 47 119 119 119 46 119 51 46 111
                          114 103 47 68 79 77 47 84 101 115 116) (SETF of SLOT-VALUE),
             the slot DOM-IMPL::NAMESPACE-URI is missing from the object
             #<DOM-IMPL::DOCUMENT {xxxxxxxx}>.
750/808 nodeissupported01.xml
TEST FAILED: The assertion DOMTEST-TESTS::|success| failed.
751/808 nodeissupported02.xml
TEST FAILED: The assertion DOMTEST-TESTS::|success| failed.
752/808 nodeissupported03.xml
753/808 nodeissupported04.xml
754/808 nodeissupported05.xml
755/808 nodenormalize01.xml
TEST FAILED: When attempting to
             set the slot's value to #(104 116 116 112 58 47 47 119 119 119 46 119 51 46 111
                          114 103 47 68 79 77 47 84 101 115 116) (SETF of SLOT-VALUE),
             the slot DOM-IMPL::NAMESPACE-URI is missing from the object
             #<DOM-IMPL::DOCUMENT {xxxxxxxx}>.
756/808 nodesetprefix01.xml
TEST FAILED: The assertion (DOMTEST::EQUALSP DOMTEST-TESTS::|elementTagName|
                                             #(100 109 115 116 99 58 97 100 100
                                               114 101 115 115)
                                             'DOMTEST::%EQUAL) failed.
757/808 nodesetprefix02.xml
TEST FAILED: There is no applicable method for the generic function
               #<STANDARD-GENERIC-FUNCTION DOM:NODE-NAME (12)>
             when called with arguments
               (NIL).
758/808 nodesetprefix03.xml
TEST FAILED: expected exception NAMESPACE_ERR
759/808 nodesetprefix04.xml
TEST FAILED: There is no applicable method for the generic function
               #<STANDARD-GENERIC-FUNCTION (SETF DOM:PREFIX) (1)>
             when called with arguments
               (#(116 101 115 116) NIL).
760/808 nodesetprefix05.xml
TEST FAILED: The variable CXML::*CTX* is unbound.
761/808 nodesetprefix06.xml
762/808 nodesetprefix07.xml
763/808 nodesetprefix08.xml
764/808 nodesetprefix09.xml
TEST FAILED: The variable CXML::*CTX* is unbound.
765/808 normalize01.xml
766/808 ownerDocument01.xml
767/808 ownerElement01.xml
768/808 ownerElement02.xml
769/808 prefix01.xml
770/808 prefix02.xml
771/808 prefix03.xml
772/808 prefix04.xml
773/808 prefix05.xml
774/808 prefix06.xml
775/808 prefix07.xml
TEST FAILED: The variable CXML::*CTX* is unbound.
776/808 prefix08.xml
777/808 prefix09.xml
TEST FAILED: expected exception NAMESPACE_ERR
778/808 prefix10.xml
779/808 prefix11.xml
TEST FAILED: expected exception NAMESPACE_ERR
780/808 publicId01.xml
781/808 removeAttributeNS01.xml
782/808 removeAttributeNS02.xml
TEST FAILED: There is no applicable method for the generic function
               #<STANDARD-GENERIC-FUNCTION DOM:REMOVE-ATTRIBUTE-NODE (1)>
             when called with arguments
               (#<DOM-IMPL::ELEMENT emp:address {xxxxxxxx}> NIL).
783/808 removeNamedItemNS01.xml
784/808 removeNamedItemNS02.xml
785/808 removeNamedItemNS03.xml
TEST FAILED: NOT_FOUND_ERR (8):
#(78 73 76) not found in #<ATTRIBUTE-NODE-MAP {xxxxxxxx}>
786/808 setAttributeNS01.xml
TEST FAILED: expected exception INVALID_CHARACTER_ERR
787/808 setAttributeNS02.xml
TEST FAILED: expected exception NAMESPACE_ERR
788/808 setAttributeNS03.xml
789/808 setAttributeNS04.xml
TEST FAILED: The assertion (DOMTEST::EQUALSP DOMTEST-TESTS::|resultAttr|
                                             #(110 101 119 86 97 108 117 101)
                                             'DOMTEST::%EQUAL) failed.
790/808 setAttributeNS05.xml
TEST FAILED: The assertion (DOMTEST::EQUALSP DOMTEST-TESTS::|resultAttr|
                                             #(60 110 101 119 86 97 108 117 101
                                               62)
                                             'DOMTEST::%EQUAL) failed.
791/808 setAttributeNS06.xml
TEST FAILED: expected exception NAMESPACE_ERR
792/808 setAttributeNS07.xml
TEST FAILED: expected exception NAMESPACE_ERR
793/808 setAttributeNS09.xml
TEST FAILED: The assertion (DOMTEST::EQUALSP DOMTEST-TESTS::|resultAttr|
                                             #(110 101 119 86 97 108 117 101)
                                             'DOMTEST::%EQUAL) failed.
794/808 setAttributeNS10.xml
795/808 setAttributeNodeNS01.xml
796/808 setAttributeNodeNS02.xml
implementationAttribute expandEntityReferences not supported, skipping test
797/808 setAttributeNodeNS03.xml
798/808 setAttributeNodeNS04.xml
799/808 setAttributeNodeNS05.xml
800/808 setNamedItemNS01.xml
TEST FAILED: There is no applicable method for the generic function
               #<STANDARD-GENERIC-FUNCTION DOM:NAMESPACE-URI (2)>
             when called with arguments
               (NIL).
801/808 setNamedItemNS02.xml
802/808 setNamedItemNS03.xml
TEST FAILED: There is no applicable method for the generic function
               #<STANDARD-GENERIC-FUNCTION DOM:NODE-VALUE (10)>
             when called with arguments
               (NIL).
803/808 setNamedItemNS04.xml
TEST FAILED: There is no applicable method for the generic function
               #<STANDARD-GENERIC-FUNCTION DOM:NAMESPACE-URI (2)>
             when called with arguments
               (NIL).
804/808 setNamedItemNS05.xml
TEST FAILED: There is no applicable method for the generic function
               #<STANDARD-GENERIC-FUNCTION DOM:NODE-VALUE (10)>
             when called with arguments
               (NIL).
805/808 systemId01.xml
136/763 tests failed; 45 tests were skipped